/home/ovidiu/Repositories/git/multiscale/Multiscale/modules/util/include/multiscale/util/ConsolePrinter.hpp:152: warning: argument 'colourCode' of command @param is not found in the argument list of multiscale::ConsolePrinter::getUnixColourCode(const UnixColourCode &unixColourCode)
/home/ovidiu/Repositories/git/multiscale/Multiscale/modules/util/include/multiscale/util/ConsolePrinter.hpp:131: warning: The following parameters of multiscale::ConsolePrinter::printMessageUsingColour(const std::string &message, const ColourCode &colourCode, bool appendNewLineAtEnd=true) are not documented:
  parameter 'appendNewLineAtEnd'
/home/ovidiu/Repositories/git/multiscale/Multiscale/modules/util/include/multiscale/util/Numeric.hpp:143: warning: argument 'n' of command @param is not found in the argument list of multiscale::Numeric::factorial(unsigned int number)
/home/ovidiu/Repositories/git/multiscale/Multiscale/modules/util/include/multiscale/util/Numeric.hpp:143: warning: The following parameters of multiscale::Numeric::factorial(unsigned int number) are not documented:
  parameter 'number'
/home/ovidiu/Repositories/git/multiscale/Multiscale/modules/analysis/spatial/include/multiscale/analysis/spatial/Region.hpp:97: warning: argument 'polygon' of command @param is not found in the argument list of multiscale::analysis::Region::areValidInputPolygons(const vector< vector< Point > > &polygons)
/home/ovidiu/Repositories/git/multiscale/Multiscale/modules/analysis/spatial/include/multiscale/analysis/spatial/Region.hpp:97: warning: The following parameters of multiscale::analysis::Region::areValidInputPolygons(const vector< vector< Point > > &polygons) are not documented:
  parameter 'polygons'
/home/ovidiu/Repositories/git/multiscale/Multiscale/modules/analysis/spatial/include/multiscale/analysis/spatial/RegionDetector.hpp:321: warning: argument 'innerBorderPolygons' of command @param is not found in the argument list of multiscale::analysis::RegionDetector::outputRegionInnerBordersToImage(const vector< vector< Point > > &innerBorders, Mat &outputImage)
/home/ovidiu/Repositories/git/multiscale/Multiscale/modules/analysis/spatial/include/multiscale/analysis/spatial/RegionDetector.hpp:321: warning: The following parameters of multiscale::analysis::RegionDetector::outputRegionInnerBordersToImage(const vector< vector< Point > > &innerBorders, Mat &outputImage) are not documented:
  parameter 'innerBorders'
/home/ovidiu/Repositories/git/multiscale/Multiscale/modules/analysis/spatial/include/multiscale/analysis/spatial/RegionDetector.hpp:314: warning: argument 'outerBorderPolygon' of command @param is not found in the argument list of multiscale::analysis::RegionDetector::outputRegionOuterBorderToImage(const vector< Point > &outerBorder, Mat &outputImage)
/home/ovidiu/Repositories/git/multiscale/Multiscale/modules/analysis/spatial/include/multiscale/analysis/spatial/RegionDetector.hpp:314: warning: The following parameters of multiscale::analysis::RegionDetector::outputRegionOuterBorderToImage(const vector< Point > &outerBorder, Mat &outputImage) are not documented:
  parameter 'outerBorder'
/home/ovidiu/Repositories/git/multiscale/Multiscale/modules/analysis/spatial/include/multiscale/analysis/spatial/RegionDetector.hpp:205: warning: argument 'regions' of command @param is not found in the argument list of multiscale::analysis::RegionDetector::sumOfAverageCentroidDistances(vector< Region > &Regions)
/home/ovidiu/Repositories/git/multiscale/Multiscale/modules/analysis/spatial/include/multiscale/analysis/spatial/RegionDetector.hpp:205: warning: The following parameters of multiscale::analysis::RegionDetector::sumOfAverageCentroidDistances(vector< Region > &Regions) are not documented:
  parameter 'Regions'
/home/ovidiu/Repositories/git/multiscale/Multiscale/modules/verification/spatial-temporal/include/multiscale/verification/spatial-temporal/checking/ApproximateBayesianModelChecker.hpp:154: warning: Found unknown command `\theta'
/home/ovidiu/Repositories/git/multiscale/Multiscale/modules/verification/spatial-temporal/include/multiscale/verification/spatial-temporal/checking/ApproximateBayesianModelChecker.hpp:154: warning: Found unknown command `\phi'
/home/ovidiu/Repositories/git/multiscale/Multiscale/modules/verification/spatial-temporal/include/multiscale/verification/spatial-temporal/checking/ApproximateBayesianModelChecker.hpp:155: warning: Found unknown command `\theta'
/home/ovidiu/Repositories/git/multiscale/Multiscale/modules/verification/spatial-temporal/include/multiscale/verification/spatial-temporal/checking/ApproximateBayesianModelChecker.hpp:155: warning: Found unknown command `\phi'
/home/ovidiu/Repositories/git/multiscale/Multiscale/modules/verification/spatial-temporal/include/multiscale/verification/spatial-temporal/checking/ApproximateProbabilisticModelChecker.hpp:95: warning: Found unknown command `\theta'
/home/ovidiu/Repositories/git/multiscale/Multiscale/modules/verification/spatial-temporal/include/multiscale/verification/spatial-temporal/checking/ApproximateProbabilisticModelChecker.hpp:95: warning: Found unknown command `\phi'
/home/ovidiu/Repositories/git/multiscale/Multiscale/modules/verification/spatial-temporal/include/multiscale/verification/spatial-temporal/checking/ApproximateProbabilisticModelChecker.hpp:95: warning: explicit link request to 'true_traces' could not be resolved
/home/ovidiu/Repositories/git/multiscale/Multiscale/modules/verification/spatial-temporal/include/multiscale/verification/spatial-temporal/checking/ApproximateProbabilisticModelChecker.hpp:95: warning: explicit link request to 'traces' could not be resolved
/home/ovidiu/Repositories/git/multiscale/Multiscale/modules/verification/spatial-temporal/include/multiscale/verification/spatial-temporal/checking/ApproximateProbabilisticModelChecker.hpp:95: warning: Found unknown command `\epsilon'
/home/ovidiu/Repositories/git/multiscale/Multiscale/modules/verification/spatial-temporal/include/multiscale/verification/spatial-temporal/checking/ApproximateProbabilisticModelChecker.hpp:95: warning: Found unknown command `\theta'
/home/ovidiu/Repositories/git/multiscale/Multiscale/modules/verification/spatial-temporal/include/multiscale/verification/spatial-temporal/checking/ApproximateProbabilisticModelChecker.hpp:96: warning: Found unknown command `\theta'
/home/ovidiu/Repositories/git/multiscale/Multiscale/modules/verification/spatial-temporal/include/multiscale/verification/spatial-temporal/checking/ApproximateProbabilisticModelChecker.hpp:96: warning: Found unknown command `\phi'
/home/ovidiu/Repositories/git/multiscale/Multiscale/modules/verification/spatial-temporal/include/multiscale/verification/spatial-temporal/checking/ApproximateProbabilisticModelChecker.hpp:96: warning: explicit link request to 'true_traces' could not be resolved
/home/ovidiu/Repositories/git/multiscale/Multiscale/modules/verification/spatial-temporal/include/multiscale/verification/spatial-temporal/checking/ApproximateProbabilisticModelChecker.hpp:96: warning: explicit link request to 'traces' could not be resolved
/home/ovidiu/Repositories/git/multiscale/Multiscale/modules/verification/spatial-temporal/include/multiscale/verification/spatial-temporal/checking/ApproximateProbabilisticModelChecker.hpp:96: warning: Found unknown command `\epsilon'
/home/ovidiu/Repositories/git/multiscale/Multiscale/modules/verification/spatial-temporal/include/multiscale/verification/spatial-temporal/checking/ApproximateProbabilisticModelChecker.hpp:96: warning: Found unknown command `\theta'
/home/ovidiu/Repositories/git/multiscale/Multiscale/modules/verification/spatial-temporal/include/multiscale/verification/spatial-temporal/checking/BayesianModelChecker.hpp:170: warning: argument 'nrOfSuccesses' of command @param is not found in the argument list of multiscale::verification::BayesianModelChecker::computeBayesFactorValue(unsigned int nrOfObservations, unsigned int nrOfSucceses)
/home/ovidiu/Repositories/git/multiscale/Multiscale/modules/verification/spatial-temporal/include/multiscale/verification/spatial-temporal/checking/BayesianModelChecker.hpp:170: warning: The following parameters of multiscale::verification::BayesianModelChecker::computeBayesFactorValue(unsigned int nrOfObservations, unsigned int nrOfSucceses) are not documented:
  parameter 'nrOfSucceses'
/home/ovidiu/Repositories/git/multiscale/Multiscale/modules/verification/spatial-temporal/include/multiscale/verification/spatial-temporal/checking/BayesianModelChecker.hpp:163: warning: argument 'nrOfSucceses' of command @param is not found in the argument list of multiscale::verification::BayesianModelChecker::computeBinomialPDF(unsigned int nrOfSuccesses, double probability)
/home/ovidiu/Repositories/git/multiscale/Multiscale/modules/verification/spatial-temporal/include/multiscale/verification/spatial-temporal/checking/BayesianModelChecker.hpp:163: warning: The following parameters of multiscale::verification::BayesianModelChecker::computeBinomialPDF(unsigned int nrOfSuccesses, double probability) are not documented:
  parameter 'nrOfSuccesses'
/home/ovidiu/Repositories/git/multiscale/Multiscale/modules/verification/spatial-temporal/include/multiscale/verification/spatial-temporal/checking/BayesianModelChecker.hpp:180: warning: Found unknown command `\theta'
/home/ovidiu/Repositories/git/multiscale/Multiscale/modules/verification/spatial-temporal/include/multiscale/verification/spatial-temporal/checking/BayesianModelChecker.hpp:180: warning: Found unknown command `\phi'
/home/ovidiu/Repositories/git/multiscale/Multiscale/modules/verification/spatial-temporal/include/multiscale/verification/spatial-temporal/checking/BayesianModelChecker.hpp:181: warning: Found unknown command `\theta'
/home/ovidiu/Repositories/git/multiscale/Multiscale/modules/verification/spatial-temporal/include/multiscale/verification/spatial-temporal/checking/BayesianModelChecker.hpp:181: warning: Found unknown command `\phi'
/home/ovidiu/Repositories/git/multiscale/Multiscale/modules/verification/spatial-temporal/include/multiscale/verification/spatial-temporal/checking/BayesianModelChecker.hpp:183: warning: Found unknown command `\phi'
/home/ovidiu/Repositories/git/multiscale/Multiscale/modules/verification/spatial-temporal/include/multiscale/verification/spatial-temporal/checking/ModelCheckingOutputWriter.hpp:26: warning: argument 'logicPropertyInputFilepath' of command @param is not found in the argument list of multiscale::verification::ModelCheckingOutputWriter::printInitialisationMessage(const std::string &logicProperty, const std::string &tracesFolderPath, unsigned long extraEvaluationTime)
/home/ovidiu/Repositories/git/multiscale/Multiscale/modules/verification/spatial-temporal/include/multiscale/verification/spatial-temporal/checking/ModelCheckingOutputWriter.hpp:26: warning: The following parameters of multiscale::verification::ModelCheckingOutputWriter::printInitialisationMessage(const std::string &logicProperty, const std::string &tracesFolderPath, unsigned long extraEvaluationTime) are not documented:
  parameter 'logicProperty'
/home/ovidiu/Repositories/git/multiscale/Multiscale/modules/verification/spatial-temporal/include/multiscale/verification/spatial-temporal/checking/StatisticalModelChecker.hpp:189: warning: Found unknown command `\theta'
/home/ovidiu/Repositories/git/multiscale/Multiscale/modules/verification/spatial-temporal/include/multiscale/verification/spatial-temporal/checking/StatisticalModelChecker.hpp:189: warning: Found unknown command `\phi'
/home/ovidiu/Repositories/git/multiscale/Multiscale/modules/verification/spatial-temporal/include/multiscale/verification/spatial-temporal/checking/StatisticalModelChecker.hpp:190: warning: Found unknown command `\theta'
/home/ovidiu/Repositories/git/multiscale/Multiscale/modules/verification/spatial-temporal/include/multiscale/verification/spatial-temporal/checking/StatisticalModelChecker.hpp:190: warning: Found unknown command `\phi'
/home/ovidiu/Repositories/git/multiscale/Multiscale/modules/verification/spatial-temporal/include/multiscale/verification/spatial-temporal/checking/StatisticalModelChecker.hpp:192: warning: Found unknown command `\phi'
